<?xml version="1.0" encoding="UTF-8"?>
<robot generator="Robot 7.3 (Python 3.13.3 on win32)" generated="2025-06-10T12:35:27.943496" rpa="false" schemaversion="5">
<suite id="s1" name="Login" source="C:\QAx\projects\markx-robot\tests\login.robot">
<test id="s1-t1" name="Deve logar com sucesso" line="10">
<kw name="Start session" owner="base" type="SETUP">
<kw name="Open Application" owner="AppiumLibrary">
<arg>http://localhost:4723</arg>
<arg>automationName=uiautomator2</arg>
<arg>platformName=Android</arg>
<arg>deviceName=Emulator</arg>
<arg>udid=emulator-5554</arg>
<arg>autoGrantPermissions=true</arg>
<arg>app=${EXECDIR}/apps/markx.apk</arg>
<doc>Opens a new application to given Appium server.
Capabilities of appium server, Android and iOS,
Please check https://appium.io/docs/en/2.1/cli/args/
| *Option*            | *Man.* | *Description*     |
| remote_url          | Yes    | Appium server url |
| alias               | no     | alias             |
| strict_ssl          | No     | allows you to send commands to an invalid certificate host like a self-signed one. |</doc>
<status status="PASS" start="2025-06-10T12:35:28.111422" elapsed="6.574902"/>
</kw>
<kw name="Wait Until Page Contains" owner="AppiumLibrary">
<arg>Endereço IP da Api</arg>
<doc>Waits until `text` appears on current page.</doc>
<status status="PASS" start="2025-06-10T12:35:34.686513" elapsed="0.960926"/>
</kw>
<status status="PASS" start="2025-06-10T12:35:28.110994" elapsed="7.536559"/>
</kw>
<kw name="Set Variable" owner="BuiltIn">
<msg time="2025-06-10T12:35:35.648003" level="INFO">${el1} = class=android.widget.EditText</msg>
<var>${el1}</var>
<arg>class=android.widget.EditText</arg>
<doc>Returns the given values which can then be assigned to a variables.</doc>
<status status="PASS" start="2025-06-10T12:35:35.647816" elapsed="0.000215"/>
</kw>
<kw name="Input Text" owner="AppiumLibrary">
<msg time="2025-06-10T12:35:35.648793" level="INFO">Typing text '192.168.0.13' into text field 'class=android.widget.EditText'</msg>
<arg>${el1}</arg>
<arg>192.168.0.13</arg>
<doc>Types the given `text` into text field identified by `locator`.</doc>
<status status="PASS" start="2025-06-10T12:35:35.648187" elapsed="0.572724"/>
</kw>
<kw name="Click Element" owner="AppiumLibrary">
<msg time="2025-06-10T12:35:36.222022" level="INFO">Clicking element 'xpath=//*[@resource-id="signInButton"]'.</msg>
<msg time="2025-06-10T12:35:37.109300" level="INFO">xpath criteria: //*[@resource-id="signInButton"]</msg>
<arg>xpath=//*[@resource-id="signInButton"]</arg>
<doc>Click element identified by `locator`.</doc>
<status status="PASS" start="2025-06-10T12:35:36.221202" elapsed="0.888188"/>
</kw>
<kw name="Wait Until Page Contains" owner="AppiumLibrary">
<arg>Minhas tarefas</arg>
<arg>5</arg>
<doc>Waits until `text` appears on current page.</doc>
<status status="PASS" start="2025-06-10T12:35:37.109630" elapsed="0.973478"/>
</kw>
<kw name="Finish session" owner="base" type="TEARDOWN">
<kw name="Close Application" owner="AppiumLibrary">
<doc>Closes the current application and also close webdriver session.</doc>
<status status="PASS" start="2025-06-10T12:35:38.083714" elapsed="0.671965"/>
</kw>
<status status="PASS" start="2025-06-10T12:35:38.083493" elapsed="0.672335"/>
</kw>
<status status="PASS" start="2025-06-10T12:35:28.110373" elapsed="10.645648"/>
</test>
<doc>Testes de login</doc>
<status status="PASS" start="2025-06-10T12:35:27.944706" elapsed="10.812222"/>
</suite>
<statistics>
<total>
<stat pass="1" fail="0" skip="0">All Tests</stat>
</total>
<tag>
</tag>
<suite>
<stat name="Login" id="s1" pass="1" fail="0" skip="0">Login</stat>
</suite>
</statistics>
<errors>
</errors>
</robot>
