<?xml version="1.0" encoding="UTF-8"?>
<robot generator="Robot 7.3 (Python 3.13.3 on win32)" generated="2025-06-09T23:33:28.259414" rpa="false" schemaversion="5">
<suite id="s1" name="Login" source="C:\QAx\projects\yodapp-robot\tests\login.robot">
<test id="s1-t1" name="Deve logar com informações corretas" line="8">
<kw name="Start Session" owner="base">
<kw name="Open Application" owner="AppiumLibrary">
<arg>http://localhost:4723</arg>
<arg>platformName=Android</arg>
<arg>deviceName=Android Emulator</arg>
<arg>automationName=UIAutomator2</arg>
<arg>app=${EXECDIR}/app/yodapp-beta.apk</arg>
<arg>udid=emulator-5554</arg>
<arg>autoGrantPermissions=true</arg>
<doc>Opens a new application to given Appium server.
Capabilities of appium server, Android and iOS,
Please check https://appium.io/docs/en/2.1/cli/args/
| *Option*            | *Man.* | *Description*     |
| remote_url          | Yes    | Appium server url |
| alias               | no     | alias             |
| strict_ssl          | No     | allows you to send commands to an invalid certificate host like a self-signed one. |</doc>
<status status="PASS" start="2025-06-09T23:33:28.427147" elapsed="8.994141"/>
</kw>
<status status="PASS" start="2025-06-09T23:33:28.426623" elapsed="8.994834"/>
</kw>
<kw name="Get Started" owner="base">
<kw name="Wait Until Page Contains" owner="AppiumLibrary">
<arg>${START}</arg>
<doc>Waits until `text` appears on current page.</doc>
<status status="PASS" start="2025-06-09T23:33:37.422155" elapsed="4.782259"/>
</kw>
<kw name="Click Text" owner="AppiumLibrary">
<msg time="2025-06-09T23:33:42.705874" level="INFO">xpath criteria: //*[contains(@text,"QAX")]</msg>
<arg>${START}</arg>
<doc>Click text identified by ``text``.</doc>
<status status="PASS" start="2025-06-09T23:33:42.204598" elapsed="0.501372"/>
</kw>
<kw name="Sleep" owner="BuiltIn">
<msg time="2025-06-09T23:33:44.706568" level="INFO">Slept 2 seconds.</msg>
<arg>2</arg>
<doc>Pauses the test executed for the given time.</doc>
<status status="PASS" start="2025-06-09T23:33:42.706138" elapsed="2.000551"/>
</kw>
<status status="PASS" start="2025-06-09T23:33:37.421845" elapsed="7.284940"/>
</kw>
<kw name="Navigate to" owner="base">
<kw name="Set Variable" owner="BuiltIn">
<msg time="2025-06-09T23:33:44.707547" level="INFO">${hamburguer} = xpath=//android.widget.ImageButton[@content-desc="Open navigation drawer"]</msg>
<var>${hamburguer}</var>
<arg>xpath=//android.widget.ImageButton[@content-desc="Open navigation drawer"]</arg>
<doc>Returns the given values which can then be assigned to a variables.</doc>
<status status="PASS" start="2025-06-09T23:33:44.707403" elapsed="0.000165"/>
</kw>
<kw name="Set Variable" owner="BuiltIn">
<msg time="2025-06-09T23:33:44.707758" level="INFO">${menu_item_cliquebtn} = xpath=//*[@resource-id="com.qaxperience.yodapp:id/navView"]//*[@text="Formulários"]</msg>
<var>${menu_item_cliquebtn}</var>
<arg>xpath=//*[@resource-id="com.qaxperience.yodapp:id/navView"]//*[@text="${item_text_btn}"]</arg>
<doc>Returns the given values which can then be assigned to a variables.</doc>
<status status="PASS" start="2025-06-09T23:33:44.707634" elapsed="0.000142"/>
</kw>
<kw name="Wait Until Element Is Visible" owner="AppiumLibrary">
<msg time="2025-06-09T23:33:44.780229" level="INFO">xpath criteria: //android.widget.ImageButton[@content-desc="Open navigation drawer"]</msg>
<arg>${hamburguer}</arg>
<arg>5</arg>
<doc>Waits until element specified with `locator` is visible.</doc>
<status status="PASS" start="2025-06-09T23:33:44.707836" elapsed="0.072500"/>
</kw>
<kw name="Click Element" owner="AppiumLibrary">
<msg time="2025-06-09T23:33:44.781385" level="INFO">Clicking element 'xpath=//android.widget.ImageButton[@content-desc="Open navigation drawer"]'.</msg>
<msg time="2025-06-09T23:33:44.896317" level="INFO">xpath criteria: //android.widget.ImageButton[@content-desc="Open navigation drawer"]</msg>
<arg>${hamburguer}</arg>
<doc>Click element identified by `locator`.</doc>
<status status="PASS" start="2025-06-09T23:33:44.780552" elapsed="0.115852"/>
</kw>
<kw name="Wait Until Element Is Visible" owner="AppiumLibrary">
<msg time="2025-06-09T23:33:45.896506" level="INFO">xpath criteria: //*[@resource-id="com.qaxperience.yodapp:id/navView"]//*[@text="Formulários"]</msg>
<arg>${menu_item_cliquebtn}</arg>
<arg>5</arg>
<doc>Waits until element specified with `locator` is visible.</doc>
<status status="PASS" start="2025-06-09T23:33:44.896540" elapsed="1.000043"/>
</kw>
<kw name="Click Element" owner="AppiumLibrary">
<msg time="2025-06-09T23:33:45.897416" level="INFO">Clicking element 'xpath=//*[@resource-id="com.qaxperience.yodapp:id/navView"]//*[@text="Formulários"]'.</msg>
<msg time="2025-06-09T23:33:46.942272" level="INFO">xpath criteria: //*[@resource-id="com.qaxperience.yodapp:id/navView"]//*[@text="Formulários"]</msg>
<arg>${menu_item_cliquebtn}</arg>
<doc>Click element identified by `locator`.</doc>
<status status="PASS" start="2025-06-09T23:33:45.896709" elapsed="1.045639"/>
</kw>
<arg>Formulários</arg>
<status status="PASS" start="2025-06-09T23:33:44.707136" elapsed="2.235370"/>
</kw>
<kw name="Go to item" owner="base">
<kw name="Wait Until Page Contains" owner="AppiumLibrary">
<arg>${item_text_simple}</arg>
<arg>5</arg>
<doc>Waits until `text` appears on current page.</doc>
<status status="PASS" start="2025-06-09T23:33:46.942989" elapsed="0.021944"/>
</kw>
<kw name="Click Text" owner="AppiumLibrary">
<msg time="2025-06-09T23:33:48.451835" level="INFO">xpath criteria: //*[contains(@text,"Login")]</msg>
<arg>${item_text_simple}</arg>
<doc>Click text identified by ``text``.</doc>
<status status="PASS" start="2025-06-09T23:33:46.965079" elapsed="1.486834"/>
</kw>
<kw name="Wait Until Page Contains" owner="AppiumLibrary">
<arg>${checkpoint}</arg>
<doc>Waits until `text` appears on current page.</doc>
<status status="PASS" start="2025-06-09T23:33:48.452041" elapsed="0.023571"/>
</kw>
<arg>Login</arg>
<arg>Olá Padawan, vamos testar o login?</arg>
<status status="PASS" start="2025-06-09T23:33:46.942764" elapsed="1.532968"/>
</kw>
<kw name="Input Text" owner="AppiumLibrary">
<msg time="2025-06-09T23:33:48.476560" level="INFO">Typing text 'yoda@qax.com' into text field 'xpath=//android.widget.EditText[@resource-id="com.qaxperience.yodapp:id/etEmail"]'</msg>
<msg time="2025-06-09T23:33:49.087422" level="INFO">xpath criteria: //android.widget.EditText[@resource-id="com.qaxperience.yodapp:id/etEmail"]</msg>
<arg>xpath=//android.widget.EditText[@resource-id="com.qaxperience.yodapp:id/etEmail"]</arg>
<arg>yoda@qax.com</arg>
<doc>Types the given `text` into text field identified by `locator`.</doc>
<status status="PASS" start="2025-06-09T23:33:48.475933" elapsed="0.611564"/>
</kw>
<kw name="Input Text" owner="AppiumLibrary">
<msg time="2025-06-09T23:33:49.088756" level="INFO">Typing text 'jedi' into text field 'id=com.qaxperience.yodapp:id/etPassword'</msg>
<msg time="2025-06-09T23:33:50.124049" level="INFO">criteria is com.qaxperience.yodapp:id/etPassword</msg>
<arg>id=com.qaxperience.yodapp:id/etPassword</arg>
<arg>jedi</arg>
<doc>Types the given `text` into text field identified by `locator`.</doc>
<status status="PASS" start="2025-06-09T23:33:49.087768" elapsed="1.036374"/>
</kw>
<kw name="Click Element" owner="AppiumLibrary">
<msg time="2025-06-09T23:33:50.125191" level="INFO">Clicking element 'id=com.qaxperience.yodapp:id/btnSubmit'.</msg>
<msg time="2025-06-09T23:33:51.217333" level="INFO">criteria is com.qaxperience.yodapp:id/btnSubmit</msg>
<arg>id=com.qaxperience.yodapp:id/btnSubmit</arg>
<doc>Click element identified by `locator`.</doc>
<status status="PASS" start="2025-06-09T23:33:50.124445" elapsed="1.092962"/>
</kw>
<kw name="Wait Until Page Contains" owner="AppiumLibrary">
<arg>Boas vindas, logado você está.</arg>
<doc>Waits until `text` appears on current page.</doc>
<status status="PASS" start="2025-06-09T23:33:51.217676" elapsed="0.025351"/>
</kw>
<kw name="Close Session" owner="base">
<kw name="Close Application" owner="AppiumLibrary">
<doc>Closes the current application and also close webdriver session.</doc>
<status status="PASS" start="2025-06-09T23:33:51.243520" elapsed="0.430640"/>
</kw>
<status status="PASS" start="2025-06-09T23:33:51.243301" elapsed="0.431170"/>
</kw>
<status status="PASS" start="2025-06-09T23:33:28.425992" elapsed="23.248873"/>
</test>
<test id="s1-t2" name="Não deve logar com informações incorretas" line="22">
<kw name="Start Session" owner="base">
<kw name="Open Application" owner="AppiumLibrary">
<arg>http://localhost:4723</arg>
<arg>platformName=Android</arg>
<arg>deviceName=Android Emulator</arg>
<arg>automationName=UIAutomator2</arg>
<arg>app=${EXECDIR}/app/yodapp-beta.apk</arg>
<arg>udid=emulator-5554</arg>
<arg>autoGrantPermissions=true</arg>
<doc>Opens a new application to given Appium server.
Capabilities of appium server, Android and iOS,
Please check https://appium.io/docs/en/2.1/cli/args/
| *Option*            | *Man.* | *Description*     |
| remote_url          | Yes    | Appium server url |
| alias               | no     | alias             |
| strict_ssl          | No     | allows you to send commands to an invalid certificate host like a self-signed one. |</doc>
<status status="PASS" start="2025-06-09T23:33:51.676255" elapsed="7.957422"/>
</kw>
<status status="PASS" start="2025-06-09T23:33:51.675937" elapsed="7.957871"/>
</kw>
<kw name="Get Started" owner="base">
<kw name="Wait Until Page Contains" owner="AppiumLibrary">
<arg>${START}</arg>
<doc>Waits until `text` appears on current page.</doc>
<status status="PASS" start="2025-06-09T23:33:59.634451" elapsed="5.253184"/>
</kw>
<kw name="Click Text" owner="AppiumLibrary">
<msg time="2025-06-09T23:34:05.318022" level="INFO">xpath criteria: //*[contains(@text,"QAX")]</msg>
<arg>${START}</arg>
<doc>Click text identified by ``text``.</doc>
<status status="PASS" start="2025-06-09T23:34:04.887782" elapsed="0.430325"/>
</kw>
<kw name="Sleep" owner="BuiltIn">
<msg time="2025-06-09T23:34:07.318812" level="INFO">Slept 2 seconds.</msg>
<arg>2</arg>
<doc>Pauses the test executed for the given time.</doc>
<status status="PASS" start="2025-06-09T23:34:05.318232" elapsed="2.000681"/>
</kw>
<status status="PASS" start="2025-06-09T23:33:59.634173" elapsed="7.684818"/>
</kw>
<kw name="Navigate to" owner="base">
<kw name="Set Variable" owner="BuiltIn">
<msg time="2025-06-09T23:34:07.319650" level="INFO">${hamburguer} = xpath=//android.widget.ImageButton[@content-desc="Open navigation drawer"]</msg>
<var>${hamburguer}</var>
<arg>xpath=//android.widget.ImageButton[@content-desc="Open navigation drawer"]</arg>
<doc>Returns the given values which can then be assigned to a variables.</doc>
<status status="PASS" start="2025-06-09T23:34:07.319547" elapsed="0.000122"/>
</kw>
<kw name="Set Variable" owner="BuiltIn">
<msg time="2025-06-09T23:34:07.319846" level="INFO">${menu_item_cliquebtn} = xpath=//*[@resource-id="com.qaxperience.yodapp:id/navView"]//*[@text="Formulários"]</msg>
<var>${menu_item_cliquebtn}</var>
<arg>xpath=//*[@resource-id="com.qaxperience.yodapp:id/navView"]//*[@text="${item_text_btn}"]</arg>
<doc>Returns the given values which can then be assigned to a variables.</doc>
<status status="PASS" start="2025-06-09T23:34:07.319732" elapsed="0.000131"/>
</kw>
<kw name="Wait Until Element Is Visible" owner="AppiumLibrary">
<msg time="2025-06-09T23:34:07.388680" level="INFO">xpath criteria: //android.widget.ImageButton[@content-desc="Open navigation drawer"]</msg>
<arg>${hamburguer}</arg>
<arg>5</arg>
<doc>Waits until element specified with `locator` is visible.</doc>
<status status="PASS" start="2025-06-09T23:34:07.319919" elapsed="0.068836"/>
</kw>
<kw name="Click Element" owner="AppiumLibrary">
<msg time="2025-06-09T23:34:07.389598" level="INFO">Clicking element 'xpath=//android.widget.ImageButton[@content-desc="Open navigation drawer"]'.</msg>
<msg time="2025-06-09T23:34:08.908276" level="INFO">xpath criteria: //android.widget.ImageButton[@content-desc="Open navigation drawer"]</msg>
<arg>${hamburguer}</arg>
<doc>Click element identified by `locator`.</doc>
<status status="PASS" start="2025-06-09T23:34:07.388898" elapsed="1.519451"/>
</kw>
<kw name="Wait Until Element Is Visible" owner="AppiumLibrary">
<msg time="2025-06-09T23:34:09.005038" level="INFO">xpath criteria: //*[@resource-id="com.qaxperience.yodapp:id/navView"]//*[@text="Formulários"]</msg>
<arg>${menu_item_cliquebtn}</arg>
<arg>5</arg>
<doc>Waits until element specified with `locator` is visible.</doc>
<status status="PASS" start="2025-06-09T23:34:08.908473" elapsed="0.096671"/>
</kw>
<kw name="Click Element" owner="AppiumLibrary">
<msg time="2025-06-09T23:34:09.006143" level="INFO">Clicking element 'xpath=//*[@resource-id="com.qaxperience.yodapp:id/navView"]//*[@text="Formulários"]'.</msg>
<msg time="2025-06-09T23:34:09.150834" level="INFO">xpath criteria: //*[@resource-id="com.qaxperience.yodapp:id/navView"]//*[@text="Formulários"]</msg>
<arg>${menu_item_cliquebtn}</arg>
<doc>Click element identified by `locator`.</doc>
<status status="PASS" start="2025-06-09T23:34:09.005306" elapsed="0.145601"/>
</kw>
<arg>Formulários</arg>
<status status="PASS" start="2025-06-09T23:34:07.319287" elapsed="1.831686"/>
</kw>
<kw name="Go to item" owner="base">
<kw name="Wait Until Page Contains" owner="AppiumLibrary">
<arg>${item_text_simple}</arg>
<arg>5</arg>
<doc>Waits until `text` appears on current page.</doc>
<status status="PASS" start="2025-06-09T23:34:09.151520" elapsed="0.914392"/>
</kw>
<kw name="Click Text" owner="AppiumLibrary">
<msg time="2025-06-09T23:34:11.551481" level="INFO">xpath criteria: //*[contains(@text,"Login")]</msg>
<arg>${item_text_simple}</arg>
<doc>Click text identified by ``text``.</doc>
<status status="PASS" start="2025-06-09T23:34:10.066083" elapsed="1.485502"/>
</kw>
<kw name="Wait Until Page Contains" owner="AppiumLibrary">
<arg>${checkpoint}</arg>
<doc>Waits until `text` appears on current page.</doc>
<status status="PASS" start="2025-06-09T23:34:11.551744" elapsed="0.021703"/>
</kw>
<arg>Login</arg>
<arg>Olá Padawan, vamos testar o login?</arg>
<status status="PASS" start="2025-06-09T23:34:09.151253" elapsed="2.422278"/>
</kw>
<kw name="Input Text" owner="AppiumLibrary">
<msg time="2025-06-09T23:34:11.574390" level="INFO">Typing text 'yoda@qax.com' into text field 'xpath=//android.widget.EditText[@resource-id="com.qaxperience.yodapp:id/etEmail"]'</msg>
<msg time="2025-06-09T23:34:12.174342" level="INFO">xpath criteria: //android.widget.EditText[@resource-id="com.qaxperience.yodapp:id/etEmail"]</msg>
<arg>xpath=//android.widget.EditText[@resource-id="com.qaxperience.yodapp:id/etEmail"]</arg>
<arg>yoda@qax.com</arg>
<doc>Types the given `text` into text field identified by `locator`.</doc>
<status status="PASS" start="2025-06-09T23:34:11.573754" elapsed="0.600690"/>
</kw>
<kw name="Input Text" owner="AppiumLibrary">
<msg time="2025-06-09T23:34:12.175729" level="INFO">Typing text 'jedi12345' into text field 'id=com.qaxperience.yodapp:id/etPassword'</msg>
<msg time="2025-06-09T23:34:13.204532" level="INFO">criteria is com.qaxperience.yodapp:id/etPassword</msg>
<arg>id=com.qaxperience.yodapp:id/etPassword</arg>
<arg>jedi12345</arg>
<doc>Types the given `text` into text field identified by `locator`.</doc>
<status status="PASS" start="2025-06-09T23:34:12.174736" elapsed="1.029898"/>
</kw>
<kw name="Click Element" owner="AppiumLibrary">
<msg time="2025-06-09T23:34:13.205889" level="INFO">Clicking element 'id=com.qaxperience.yodapp:id/btnSubmit'.</msg>
<msg time="2025-06-09T23:34:14.343899" level="INFO">criteria is com.qaxperience.yodapp:id/btnSubmit</msg>
<arg>id=com.qaxperience.yodapp:id/btnSubmit</arg>
<doc>Click element identified by `locator`.</doc>
<status status="PASS" start="2025-06-09T23:34:13.204940" elapsed="1.139056"/>
</kw>
<kw name="Wait Until Page Contains" owner="AppiumLibrary">
<arg>Oops! Credenciais incorretas.</arg>
<doc>Waits until `text` appears on current page.</doc>
<status status="PASS" start="2025-06-09T23:34:14.344291" elapsed="0.065248"/>
</kw>
<kw name="Close Session" owner="base">
<kw name="Close Application" owner="AppiumLibrary">
<doc>Closes the current application and also close webdriver session.</doc>
<status status="PASS" start="2025-06-09T23:34:14.410255" elapsed="0.806361"/>
</kw>
<status status="PASS" start="2025-06-09T23:34:14.410021" elapsed="0.806710"/>
</kw>
<status status="PASS" start="2025-06-09T23:33:51.675422" elapsed="23.541701"/>
</test>
<status status="PASS" start="2025-06-09T23:33:28.260639" elapsed="46.957116"/>
</suite>
<statistics>
<total>
<stat pass="2" fail="0" skip="0">All Tests</stat>
</total>
<tag>
</tag>
<suite>
<stat name="Login" id="s1" pass="2" fail="0" skip="0">Login</stat>
</suite>
</statistics>
<errors>
</errors>
</robot>
